companion/wear/build/intermediates/manifest_merge_blame_file/debug/processDebugMainManifest/manifest-merger-blame-debug-report.txt
1<?xml version="1.0" encoding="utf-8"?>
2<manifest xmlns:android="http://schemas.android.com/apk/res/android"
3    package="com.fennell.sentrykey"
4    android:versionCode="1"
5    android:versionName="1.0" >
6
7    <uses-sdk
7-->INJECTED
8        android:minSdkVersion="30"
8-->INJECTED
9        android:targetSdkVersion="36" />
9-->INJECTED
10
11    <uses-feature android:name="android.hardware.type.watch" />
11-->src\main\AndroidManifest.xml:4:5-64
11-->src\main\AndroidManifest.xml:4:19-61
12
13    <uses-permission android:name="android.permission.WAKE_LOCK" />
13-->src\main\AndroidManifest.xml:5:5-68
13-->src\main\AndroidManifest.xml:5:22-65
14
15    <permission
15-->[androidx.core:core:1.18.0] AndroidManifest.xml:22:5-24:47
16        android:name="com.fennell.sentrykey.DYNAMIC_RECEIVER_NOT_EXPORTED_PERMISSION"
16-->[androidx.core:core:1.18.0] AndroidManifest.xml:23:9-81
17        android:protectionLevel="signature" />
17-->[androidx.core:core:1.18.0] AndroidManifest.xml:24:9-44
18
19    <uses-permission android:name="com.fennell.sentrykey.DYNAMIC_RECEIVER_NOT_EXPORTED_PERMISSION" />
19-->[androidx.core:core:1.18.0] AndroidManifest.xml:26:5-97
19-->[androidx.core:core:1.18.0] AndroidManifest.xml:26:22-94
20
21    <application
21-->src\main\AndroidManifest.xml:7:5-46:19
22        android:allowBackup="true"
22-->src\main\AndroidManifest.xml:8:9-35
23        android:appComponentFactory="androidx.core.app.CoreComponentFactory"
23-->[androidx.core:core:1.18.0] AndroidManifest.xml:28:18-86
24        android:debuggable="true"
25        android:extractNativeLibs="false"
25-->INJECTED
26        android:icon="@drawable/ic_sentrykey"
26-->src\main\AndroidManifest.xml:9:9-46
27        android:label="@string/app_name"
27-->src\main\AndroidManifest.xml:10:9-41
28        android:supportsRtl="true"
28-->src\main\AndroidManifest.xml:11:9-35
29        android:theme="@android:style/Theme.DeviceDefault" >
29-->src\main\AndroidManifest.xml:12:9-59
30        <uses-library
30-->src\main\AndroidManifest.xml:14:9-16:39
31            android:name="com.google.android.wearable"
31-->src\main\AndroidManifest.xml:15:13-55
32            android:required="true" />
32-->src\main\AndroidManifest.xml:16:13-36
33
34        <!-- Standalone: the watch app works without the phone app installed. -->
35        <meta-data
35-->src\main\AndroidManifest.xml:19:9-21:36
36            android:name="com.google.android.wearable.standalone"
36-->src\main\AndroidManifest.xml:20:13-66
37            android:value="true" />
37-->src\main\AndroidManifest.xml:21:13-33
38
39        <activity
39-->src\main\AndroidManifest.xml:23:9-32:20
40            android:name="com.fennell.sentrykey.wear.MainActivity"
40-->src\main\AndroidManifest.xml:24:13-41
41            android:exported="true"
41-->src\main\AndroidManifest.xml:25:13-36
42            android:taskAffinity=""
42-->src\main\AndroidManifest.xml:26:13-36
43            android:theme="@android:style/Theme.DeviceDefault" >
43-->src\main\AndroidManifest.xml:27:13-63
44            <intent-filter>
44-->src\main\AndroidManifest.xml:28:13-31:29
45                <action android:name="android.intent.action.MAIN" />
45-->src\main\AndroidManifest.xml:29:17-69
45-->src\main\AndroidManifest.xml:29:25-66
46
47                <category android:name="android.intent.category.LAUNCHER" />
47-->src\main\AndroidManifest.xml:30:17-77
47-->src\main\AndroidManifest.xml:30:27-74
48            </intent-filter>
49        </activity>
50
51        <!-- Receives the vault pushed from the phone over the Data Layer. -->
52        <service
52-->src\main\AndroidManifest.xml:35:9-45:19
53            android:name="com.fennell.sentrykey.wear.VaultListenerService"
53-->src\main\AndroidManifest.xml:36:13-49
54            android:exported="true" >
54-->src\main\AndroidManifest.xml:37:13-36
55            <intent-filter>
55-->src\main\AndroidManifest.xml:38:13-44:29
56                <action android:name="com.google.android.gms.wearable.MESSAGE_RECEIVED" />
56-->src\main\AndroidManifest.xml:39:17-91
56-->src\main\AndroidManifest.xml:39:25-88
57
58                <data
58-->src\main\AndroidManifest.xml:40:17-43:61
59                    android:host="*"
59-->src\main\AndroidManifest.xml:42:21-37
60                    android:pathPrefix="/sentrykey/vault"
60-->src\main\AndroidManifest.xml:43:21-58
61                    android:scheme="wear" />
61-->src\main\AndroidManifest.xml:41:21-42
62            </intent-filter>
63        </service>
64
65        <activity
65-->[com.google.android.gms:play-services-base:18.5.0] AndroidManifest.xml:5:9-173
66            android:name="com.google.android.gms.common.api.GoogleApiActivity"
66-->[com.google.android.gms:play-services-base:18.5.0] AndroidManifest.xml:5:19-85
67            android:exported="false"
67-->[com.google.android.gms:play-services-base:18.5.0] AndroidManifest.xml:5:146-170
68            android:theme="@android:style/Theme.Translucent.NoTitleBar" />
68-->[com.google.android.gms:play-services-base:18.5.0] AndroidManifest.xml:5:86-145
69
70        <meta-data
70-->[com.google.android.gms:play-services-basement:18.4.0] AndroidManifest.xml:6:9-122
71            android:name="com.google.android.gms.version"
71-->[com.google.android.gms:play-services-basement:18.4.0] AndroidManifest.xml:6:20-65
72            android:value="@integer/google_play_services_version" />
72-->[com.google.android.gms:play-services-basement:18.4.0] AndroidManifest.xml:6:66-119
73
74        <uses-library
74-->[androidx.wear.compose:compose-foundation:1.4.1] AndroidManifest.xml:23:9-25:40
75            android:name="wear-sdk"
75-->[androidx.wear.compose:compose-foundation:1.4.1] AndroidManifest.xml:24:13-36
76            android:required="false" />
76-->[androidx.wear.compose:compose-foundation:1.4.1] AndroidManifest.xml:25:13-37
77        <uses-library
77-->[androidx.window:window:1.5.0] AndroidManifest.xml:23:9-25:40
78            android:name="androidx.window.extensions"
78-->[androidx.window:window:1.5.0] AndroidManifest.xml:24:13-54
79            android:required="false" />
79-->[androidx.window:window:1.5.0] AndroidManifest.xml:25:13-37
80        <uses-library
80-->[androidx.window:window:1.5.0] AndroidManifest.xml:26:9-28:40
81            android:name="androidx.window.sidecar"
81-->[androidx.window:window:1.5.0] AndroidManifest.xml:27:13-51
82            android:required="false" />
82-->[androidx.window:window:1.5.0] AndroidManifest.xml:28:13-37
83
84        <provider
84-->[androidx.emoji2:emoji2:1.4.0] AndroidManifest.xml:24:9-32:20
85            android:name="androidx.startup.InitializationProvider"
85-->[androidx.emoji2:emoji2:1.4.0] AndroidManifest.xml:25:13-67
86            android:authorities="com.fennell.sentrykey.androidx-startup"
86-->[androidx.emoji2:emoji2:1.4.0] AndroidManifest.xml:26:13-68
87            android:exported="false" >
87-->[androidx.emoji2:emoji2:1.4.0] AndroidManifest.xml:27:13-37
88            <meta-data
88-->[androidx.emoji2:emoji2:1.4.0] AndroidManifest.xml:29:13-31:52
89                android:name="androidx.emoji2.text.EmojiCompatInitializer"
89-->[androidx.emoji2:emoji2:1.4.0] AndroidManifest.xml:30:17-75
90                android:value="androidx.startup" />
90-->[androidx.emoji2:emoji2:1.4.0] AndroidManifest.xml:31:17-49
91            <meta-data
91-->[androidx.lifecycle:lifecycle-process:2.9.4] AndroidManifest.xml:29:13-31:52
92                android:name="androidx.lifecycle.ProcessLifecycleInitializer"
92-->[androidx.lifecycle:lifecycle-process:2.9.4] AndroidManifest.xml:30:17-78
93                android:value="androidx.startup" />
93-->[androidx.lifecycle:lifecycle-process:2.9.4] AndroidManifest.xml:31:17-49
94            <meta-data
94-->[androidx.profileinstaller:profileinstaller:1.4.0] AndroidManifest.xml:29:13-31:52
95                android:name="androidx.profileinstaller.ProfileInstallerInitializer"
95-->[androidx.profileinstaller:profileinstaller:1.4.0] AndroidManifest.xml:30:17-85
96                android:value="androidx.startup" />
96-->[androidx.profileinstaller:profileinstaller:1.4.0] AndroidManifest.xml:31:17-49
97        </provider>
98
99        <receiver
99-->[androidx.profileinstaller:profileinstaller:1.4.0] AndroidManifest.xml:34:9-52:20
100            android:name="androidx.profileinstaller.ProfileInstallReceiver"
100-->[androidx.profileinstaller:profileinstaller:1.4.0] AndroidManifest.xml:35:13-76
101            android:directBootAware="false"
101-->[androidx.profileinstaller:profileinstaller:1.4.0] AndroidManifest.xml:36:13-44
102            android:enabled="true"
102-->[androidx.profileinstaller:profileinstaller:1.4.0] AndroidManifest.xml:37:13-35
103            android:exported="true"
103-->[androidx.profileinstaller:profileinstaller:1.4.0] AndroidManifest.xml:38:13-36
104            android:permission="android.permission.DUMP" >
104-->[androidx.profileinstaller:profileinstaller:1.4.0] AndroidManifest.xml:39:13-57
105            <intent-filter>
105-->[androidx.profileinstaller:profileinstaller:1.4.0] AndroidManifest.xml:40:13-42:29
106                <action android:name="androidx.profileinstaller.action.INSTALL_PROFILE" />
106-->[androidx.profileinstaller:profileinstaller:1.4.0] AndroidManifest.xml:41:17-91
106-->[androidx.profileinstaller:profileinstaller:1.4.0] AndroidManifest.xml:41:25-88
107            </intent-filter>
108            <intent-filter>
108-->[androidx.profileinstaller:profileinstaller:1.4.0] AndroidManifest.xml:43:13-45:29
109                <action android:name="androidx.profileinstaller.action.SKIP_FILE" />
109-->[androidx.profileinstaller:profileinstaller:1.4.0] AndroidManifest.xml:44:17-85
109-->[androidx.profileinstaller:profileinstaller:1.4.0] AndroidManifest.xml:44:25-82
110            </intent-filter>
111            <intent-filter>
111-->[androidx.profileinstaller:profileinstaller:1.4.0] AndroidManifest.xml:46:13-48:29
112                <action android:name="androidx.profileinstaller.action.SAVE_PROFILE" />
112-->[androidx.profileinstaller:profileinstaller:1.4.0] AndroidManifest.xml:47:17-88
112-->[androidx.profileinstaller:profileinstaller:1.4.0] AndroidManifest.xml:47:25-85
113            </intent-filter>
114            <intent-filter>
114-->[androidx.profileinstaller:profileinstaller:1.4.0] AndroidManifest.xml:49:13-51:29
115                <action android:name="androidx.profileinstaller.action.BENCHMARK_OPERATION" />
115-->[androidx.profileinstaller:profileinstaller:1.4.0] AndroidManifest.xml:50:17-95
115-->[androidx.profileinstaller:profileinstaller:1.4.0] AndroidManifest.xml:50:25-92
116            </intent-filter>
117        </receiver>
118    </application>
119
120</manifest>